<?xml version="1.0" encoding="UTF-8"?>
<testng-results ignored="0" total="1" passed="1" failed="0" skipped="0">
  <reporter-output>
  </reporter-output>
  <suite started-at="2024-03-09T15:04:44 IST" name="Default suite" finished-at="2024-03-09T15:04:54 IST" duration-ms="9877">
    <groups>
    </groups>
    <test started-at="2024-03-09T15:04:44 IST" name="Default test" finished-at="2024-03-09T15:04:54 IST" duration-ms="9877">
      <class name="Pageobject.CheckoutTest">
        <test-method is-config="true" signature="setup(java.lang.String)[pri:0, instance:Pageobject.CheckoutTest@6e9175d8]" started-at="2024-03-09T15:04:44 IST" name="setup" finished-at="2024-03-09T15:04:47 IST" duration-ms="3318" status="PASS">
          <params>
            <param index="0">
              <value>
                <![CDATA[chrome]]>
              </value>
            </param>
          </params>
          <reporter-output>
          </reporter-output>
        </test-method> <!-- setup -->
        <test-method signature="checkout()[pri:0, instance:Pageobject.CheckoutTest@6e9175d8]" started-at="2024-03-09T15:04:47 IST" name="checkout" finished-at="2024-03-09T15:04:54 IST" duration-ms="6462" status="PASS">
          <reporter-output>
          </reporter-output>
        </test-method> <!-- checkout -->
        <test-method is-config="true" signature="teardown()[pri:0, instance:Pageobject.CheckoutTest@6e9175d8]" started-at="2024-03-09T15:04:54 IST" name="teardown" finished-at="2024-03-09T15:04:54 IST" duration-ms="63" status="PASS">
          <reporter-output>
          </reporter-output>
        </test-method> <!-- teardown -->
      </class> <!-- Pageobject.CheckoutTest -->
    </test> <!-- Default test -->
  </suite> <!-- Default suite -->
</testng-results>
